C51 COMPILER V9.50a   RX                                                                   04/27/2015 16:11:56 PAGE 1   


C51 COMPILER V9.50a, COMPILATION OF MODULE RX
OBJECT MODULE PLACED IN Rx.OBJ
COMPILER INVOKED BY: C:\Keil\C51\BIN\C51.EXE Rx.c BROWSE DEBUG OBJECTEXTEND TABS(2)

line level    source

   1          #include <REG51.H>
   2          
   3          void delay(unsigned int);
   4          void controlrobot(void);
   5          
   6          void main()
   7          { 
   8   1        EX0 = 1;
   9   1        IT0 = 1;
  10   1        EA = 1; 
  11   1        while(1); 
  12   1      }
  13          
  14          void ext0() interrupt 0
  15          {   
  16   1        controlrobot(); 
  17   1      }
  18          
  19          void controlrobot()
  20          {
  21   1        unsigned char a, b; 
  22   1        EX0 = 0;
  23   1        P0 = 0x00;
  24   1        while(1)
  25   1        { 
  26   2          a = P1 & 0x0F;
  27   2          switch(a)
  28   2          {
  29   3            case 0x01 : 
  30   3            {
  31   4              b = 0x09;
  32   4              break;
  33   4            }
  34   3            case 0x02 :
  35   3            {
  36   4              b = 0x06;
  37   4              break;    
  38   4            }
  39   3            case 0x04 : 
  40   3            {
  41   4              b = 0x05;
  42   4              break;
  43   4            }
  44   3            case 0x08 : 
  45   3            {
  46   4              b = 0x0A;
  47   4              break;    
  48   4            }     
  49   3            default : 
  50   3            {
  51   4              b = 0xFF;
  52   4              break;
  53   4            }         
  54   3          }
  55   2          P0 = b; 
C51 COMPILER V9.50a   RX                                                                   04/27/2015 16:11:56 PAGE 2   

  56   2          delay(100);
  57   2          EX0 = 1;
  58   2          P0 = 0x00;
  59   2        }
  60   1      }
  61          
  62          void delay(unsigned int count)
  63          { 
  64   1          while(count > 0)
  65   1          {
  66   2          count--;
  67   2          }
  68   1      }


MODULE INFORMATION:   STATIC OVERLAYABLE
   CODE SIZE        =    149    ----
   CONSTANT SIZE    =   ----    ----
   XDATA SIZE       =   ----    ----
   PDATA SIZE       =   ----    ----
   DATA SIZE        =   ----       1
   IDATA SIZE       =   ----    ----
   BIT SIZE         =   ----    ----
END OF MODULE INFORMATION.


C51 COMPILATION COMPLETE.  0 WARNING(S),  0 ERROR(S)
